
> nftd-earth@0.1.0 build
> next build

info  - Loaded env from D:\Hackathons Projects\nftd-earth\.env.local
info  - Linting and checking validity of types...
info  - Creating an optimized production build...
info  - Compiled successfully
info  - Collecting page data...
info  - Generating static pages (0/5)
info  - Generating static pages (1/5)
info  - Generating static pages (2/5)
info  - Generating static pages (3/5)
info  - Generating static pages (5/5)
info  - Finalizing page optimization...

Route (pages)                              Size     First Load JS
┌ ○ / (701 ms)                             1.11 kB         301 kB
├   /_app                                  0 B             261 kB
├ ○ /404 (1294 ms)                         1.03 kB         290 kB
├ ○ /about (431 ms)                        971 B           301 kB
├ λ /api/auth/[...nextauth]                0 B             261 kB
├ λ /api/auth/request-message              0 B             261 kB
└ ○ /team (657 ms)                         5.76 kB         295 kB
+ First Load JS shared by all              275 kB
  ├ chunks/framework-ffee79c6390da51e.js   45.7 kB
  ├ chunks/main-5cebf592faf0463a.js        31.8 kB
  ├ chunks/pages/_app-fb99457f0f34ebdb.js  182 kB
  ├ chunks/webpack-afbcd2f09ab22a93.js     1.14 kB
  └ css/344240743a497e85.css               14.5 kB

λ  (Server)  server-side renders at runtime (uses getInitialProps or getServerSideProps)
○  (Static)  automatically rendered as static HTML (uses no initial props)

